<?xml version="1.0" encoding="UTF-8"?>
<coverage generated="1559549719573" clover="3.2.0">
  <project timestamp="1559549719574" name="All files">
    <metrics statements="23" coveredstatements="23" conditionals="10" coveredconditionals="10" methods="4" coveredmethods="4" elements="37" coveredelements="37" complexity="0" loc="23" ncloc="23" packages="1" files="2" classes="2"/>
    <file name="index.js" path="/home/alex/projects/gendiff/src/index.js">
      <metrics statements="19" coveredstatements="19" conditionals="10" coveredconditionals="10" methods="3" coveredmethods="3"/>
      <line num="5" count="2" type="stmt"/>
      <line num="6" count="2" type="stmt"/>
      <line num="8" count="2" type="stmt"/>
      <line num="9" count="10" type="stmt"/>
      <line num="10" count="10" type="stmt"/>
      <line num="12" count="10" type="cond" truecount="4" falsecount="0"/>
      <line num="13" count="4" type="stmt"/>
      <line num="16" count="6" type="cond" truecount="4" falsecount="0"/>
      <line num="17" count="2" type="stmt"/>
      <line num="20" count="4" type="cond" truecount="2" falsecount="0"/>
      <line num="21" count="2" type="stmt"/>
      <line num="22" count="2" type="stmt"/>
      <line num="24" count="2" type="stmt"/>
      <line num="27" count="2" type="stmt"/>
      <line num="30" count="2" type="stmt"/>
      <line num="32" count="10" type="stmt"/>
      <line num="33" count="2" type="stmt"/>
      <line num="34" count="2" type="stmt"/>
      <line num="36" count="2" type="stmt"/>
    </file>
    <file name="parsers.js" path="/home/alex/projects/gendiff/src/parsers.js">
      <metrics statements="4" coveredstatements="4" conditionals="0" coveredconditionals="0" methods="1" coveredmethods="1"/>
      <line num="5" count="1" type="stmt"/>
      <line num="11" count="4" type="stmt"/>
      <line num="12" count="4" type="stmt"/>
      <line num="14" count="4" type="stmt"/>
    </file>
  </project>
</coverage>
