{"/home/alex/projects/gendiff/src/index.js": {"path":"/home/alex/projects/gendiff/src/index.js","statementMap":{"0":{"start":{"line":5,"column":22},"end":{"line":5,"column":52}},"1":{"start":{"line":6,"column":23},"end":{"line":6,"column":54}},"2":{"start":{"line":8,"column":24},"end":{"line":28,"column":3}},"3":{"start":{"line":9,"column":27},"end":{"line":9,"column":50}},"4":{"start":{"line":10,"column":28},"end":{"line":10,"column":52}},"5":{"start":{"line":12,"column":4},"end":{"line":14,"column":5}},"6":{"start":{"line":13,"column":6},"end":{"line":13,"column":47}},"7":{"start":{"line":16,"column":4},"end":{"line":18,"column":5}},"8":{"start":{"line":17,"column":6},"end":{"line":17,"column":48}},"9":{"start":{"line":20,"column":4},"end":{"line":25,"column":5}},"10":{"start":{"line":21,"column":23},"end":{"line":21,"column":57}},"11":{"start":{"line":22,"column":24},"end":{"line":22,"column":57}},"12":{"start":{"line":24,"column":6},"end":{"line":24,"column":41}},"13":{"start":{"line":27,"column":4},"end":{"line":27,"column":45}},"14":{"start":{"line":30,"column":23},"end":{"line":30,"column":58}},"15":{"start":{"line":32,"column":22},"end":{"line":32,"column":88}},"16":{"start":{"line":32,"column":64},"end":{"line":32,"column":87}},"17":{"start":{"line":33,"column":2},"end":{"line":33,"column":27}},"18":{"start":{"line":34,"column":2},"end":{"line":34,"column":24}},"19":{"start":{"line":36,"column":2},"end":{"line":36,"column":32}}},"fnMap":{"0":{"name":"(anonymous_0)","decl":{"start":{"line":4,"column":15},"end":{"line":4,"column":16}},"loc":{"start":{"line":4,"column":62},"end":{"line":37,"column":1}},"line":4},"1":{"name":"(anonymous_1)","decl":{"start":{"line":8,"column":24},"end":{"line":8,"column":25}},"loc":{"start":{"line":8,"column":33},"end":{"line":28,"column":3}},"line":8},"2":{"name":"(anonymous_2)","decl":{"start":{"line":32,"column":55},"end":{"line":32,"column":56}},"loc":{"start":{"line":32,"column":64},"end":{"line":32,"column":87}},"line":32}},"branchMap":{"0":{"loc":{"start":{"line":12,"column":4},"end":{"line":14,"column":5}},"type":"if","locations":[{"start":{"line":12,"column":4},"end":{"line":14,"column":5}},{"start":{"line":12,"column":4},"end":{"line":14,"column":5}}],"line":12},"1":{"loc":{"start":{"line":12,"column":8},"end":{"line":12,"column":42}},"type":"binary-expr","locations":[{"start":{"line":12,"column":8},"end":{"line":12,"column":22}},{"start":{"line":12,"column":26},"end":{"line":12,"column":42}}],"line":12},"2":{"loc":{"start":{"line":16,"column":4},"end":{"line":18,"column":5}},"type":"if","locations":[{"start":{"line":16,"column":4},"end":{"line":18,"column":5}},{"start":{"line":16,"column":4},"end":{"line":18,"column":5}}],"line":16},"3":{"loc":{"start":{"line":16,"column":8},"end":{"line":16,"column":42}},"type":"binary-expr","locations":[{"start":{"line":16,"column":8},"end":{"line":16,"column":23}},{"start":{"line":16,"column":27},"end":{"line":16,"column":42}}],"line":16},"4":{"loc":{"start":{"line":20,"column":4},"end":{"line":25,"column":5}},"type":"if","locations":[{"start":{"line":20,"column":4},"end":{"line":25,"column":5}},{"start":{"line":20,"column":4},"end":{"line":25,"column":5}}],"line":20}},"s":{"0":2,"1":2,"2":2,"3":10,"4":10,"5":10,"6":4,"7":6,"8":2,"9":4,"10":2,"11":2,"12":2,"13":2,"14":2,"15":2,"16":10,"17":2,"18":2,"19":2},"f":{"0":2,"1":10,"2":10},"b":{"0":[4,6],"1":[10,8],"2":[2,4],"3":[6,2],"4":[2,2]},"_coverageSchema":"43e27e138ebf9cfc5966b082cf9a028302ed4184","hash":"a7bc303a29da7b76b077452036b30f52310ef5a0"}
,"/home/alex/projects/gendiff/src/parsers.js": {"path":"/home/alex/projects/gendiff/src/parsers.js","statementMap":{"0":{"start":{"line":5,"column":15},"end":{"line":8,"column":1}},"1":{"start":{"line":11,"column":24},"end":{"line":11,"column":58}},"2":{"start":{"line":12,"column":18},"end":{"line":12,"column":49}},"3":{"start":{"line":14,"column":2},"end":{"line":14,"column":40}}},"fnMap":{"0":{"name":"(anonymous_0)","decl":{"start":{"line":10,"column":15},"end":{"line":10,"column":16}},"loc":{"start":{"line":10,"column":29},"end":{"line":15,"column":1}},"line":10}},"branchMap":{},"s":{"0":1,"1":4,"2":4,"3":4},"f":{"0":4},"b":{},"_coverageSchema":"43e27e138ebf9cfc5966b082cf9a028302ed4184","hash":"1f2942a2ba04b4cdceaa92569ca260b6e92045d5"}
}
