TN:
SF:/home/alex/projects/gendiff/src/index.js
FN:4,(anonymous_0)
FN:8,(anonymous_1)
FN:32,(anonymous_2)
FNF:3
FNH:3
FNDA:2,(anonymous_0)
FNDA:10,(anonymous_1)
FNDA:10,(anonymous_2)
DA:5,2
DA:6,2
DA:8,2
DA:9,10
DA:10,10
DA:12,10
DA:13,4
DA:16,6
DA:17,2
DA:20,4
DA:21,2
DA:22,2
DA:24,2
DA:27,2
DA:30,2
DA:32,10
DA:33,2
DA:34,2
DA:36,2
LF:19
LH:19
BRDA:12,0,0,4
BRDA:12,0,1,6
BRDA:12,1,0,10
BRDA:12,1,1,8
BRDA:16,2,0,2
BRDA:16,2,1,4
BRDA:16,3,0,6
BRDA:16,3,1,2
BRDA:20,4,0,2
BRDA:20,4,1,2
BRF:10
BRH:10
end_of_record
TN:
SF:/home/alex/projects/gendiff/src/parsers.js
FN:10,(anonymous_0)
FNF:1
FNH:1
FNDA:4,(anonymous_0)
DA:5,1
DA:11,4
DA:12,4
DA:14,4
LF:4
LH:4
BRF:0
BRH:0
end_of_record
